\BOOKMARK [1][-]{section.1}{Introduction}{}% 1
\BOOKMARK [1][-]{section.2}{Epistemic Intelligence: Framework}{}% 2
\BOOKMARK [2][-]{subsection.2.1}{Aleatory vs. Epistemic Uncertainty in Biology}{section.2}% 3
\BOOKMARK [2][-]{subsection.2.2}{Overconfident Misattribution}{section.2}% 4
\BOOKMARK [2][-]{subsection.2.3}{Mechanistic Invariance as an Epistemic Test}{section.2}% 5
\BOOKMARK [1][-]{section.3}{The MIT Benchmark}{}% 6
\BOOKMARK [2][-]{subsection.3.1}{Biological Ground Truth}{section.3}% 7
\BOOKMARK [2][-]{subsection.3.2}{Sequence Design}{section.3}% 8
\BOOKMARK [2][-]{subsection.3.3}{Evaluation Metrics}{section.3}% 9
\BOOKMARK [1][-]{section.4}{Experiments}{}% 10
\BOOKMARK [2][-]{subsection.4.1}{Models Evaluated}{section.4}% 11
\BOOKMARK [2][-]{subsection.4.2}{Primary Results}{section.4}% 12
\BOOKMARK [2][-]{subsection.4.3}{Probing the Epistemic Failure}{section.4}% 13
\BOOKMARK [3][-]{subsubsection.4.3.1}{AT Content: Spurious Confidence}{subsection.4.3}% 14
\BOOKMARK [3][-]{subsubsection.4.3.2}{Positional Inversion: Confident Misdirection}{subsection.4.3}% 15
\BOOKMARK [3][-]{subsubsection.4.3.3}{Spacing: Miscalibrated Preferences}{subsection.4.3}% 16
\BOOKMARK [3][-]{subsubsection.4.3.4}{Strand Blindness: Missing Causal Dimension}{subsection.4.3}% 17
\BOOKMARK [2][-]{subsection.4.4}{Biophysical Baseline: Epistemic Intelligence is Achievable}{section.4}% 18
\BOOKMARK [1][-]{section.5}{Discussion}{}% 19
\BOOKMARK [2][-]{subsection.5.1}{Scale Amplifies Epistemic Miscalibration}{section.5}% 20
\BOOKMARK [2][-]{subsection.5.2}{Connections to the EIML Program}{section.5}% 21
\BOOKMARK [2][-]{subsection.5.3}{Towards Epistemic Calibration}{section.5}% 22
\BOOKMARK [1][-]{section.6}{Related Work}{}% 23
\BOOKMARK [1][-]{section.7}{Conclusion}{}% 24
\BOOKMARK [1][-]{appendix.A}{Extended Implementation Details}{}% 25
\BOOKMARK [2][-]{subsection.A.1}{Sequence Generation}{appendix.A}% 26
\BOOKMARK [2][-]{subsection.A.2}{Model Inference Details}{appendix.A}% 27
\BOOKMARK [2][-]{subsection.A.3}{Baseline Models}{appendix.A}% 28
\BOOKMARK [2][-]{subsection.A.4}{Computational Environment}{appendix.A}% 29
\BOOKMARK [2][-]{subsection.A.5}{Statistical Analysis}{appendix.A}% 30
\BOOKMARK [1][-]{appendix.B}{Complete Experimental Results}{}% 31
\BOOKMARK [2][-]{subsection.B.1}{Full Model Comparison}{appendix.B}% 32
\BOOKMARK [2][-]{subsection.B.2}{Full AT Titration Results}{appendix.B}% 33
\BOOKMARK [2][-]{subsection.B.3}{Full Positional Sweep Results}{appendix.B}% 34
\BOOKMARK [2][-]{subsection.B.4}{Full Spacing Sensitivity Results}{appendix.B}% 35
\BOOKMARK [2][-]{subsection.B.5}{Full Strand Orientation Results}{appendix.B}% 36
\BOOKMARK [1][-]{appendix.C}{Biophysical Model Details}{}% 37
\BOOKMARK [2][-]{subsection.C.1}{Position-Aware PWM \(PA-PWM\)}{appendix.C}% 38
\BOOKMARK [2][-]{subsection.C.2}{Extended Biophysical Comparison}{appendix.C}% 39
\BOOKMARK [1][-]{appendix.D}{Effect Size Hierarchy}{}% 40
\BOOKMARK [1][-]{appendix.E}{Per-Class Log-Likelihood Distributions}{}% 41
\BOOKMARK [1][-]{appendix.F}{Limitations}{}% 42
\BOOKMARK [1][-]{appendix.G}{Additional Figures}{}% 43
\BOOKMARK [1][-]{appendix.H}{Per-Model Detailed Analysis}{}% 44
\BOOKMARK [2][-]{subsection.H.1}{HyenaDNA}{appendix.H}% 45
\BOOKMARK [2][-]{subsection.H.2}{GROVER}{appendix.H}% 46
\BOOKMARK [2][-]{subsection.H.3}{Evo2-1B}{appendix.H}% 47
\BOOKMARK [2][-]{subsection.H.4}{Caduceus}{appendix.H}% 48
\BOOKMARK [2][-]{subsection.H.5}{NT-500M}{appendix.H}% 49
\BOOKMARK [1][-]{appendix.I}{Ablation Studies}{}% 50
\BOOKMARK [2][-]{subsection.I.1}{Sequence Length Sensitivity}{appendix.I}% 51
\BOOKMARK [2][-]{subsection.I.2}{UP Element Composition Variations}{appendix.I}% 52
\BOOKMARK [1][-]{appendix.J}{Theoretical Analysis}{}% 53
\BOOKMARK [2][-]{subsection.J.1}{Why Compositional Learning is Easier}{appendix.J}% 54
\BOOKMARK [2][-]{subsection.J.2}{Information-Theoretic Decomposition}{appendix.J}% 55
\BOOKMARK [1][-]{appendix.K}{Future Directions}{}% 56
