\BOOKMARK [1][-]{section.1}{\376\377\000I\000n\000t\000r\000o\000d\000u\000c\000t\000i\000o\000n}{}% 1
\BOOKMARK [1][-]{section.2}{\376\377\000P\000r\000e\000l\000i\000m\000i\000n\000a\000r\000i\000e\000s}{}% 2
\BOOKMARK [1][-]{section.3}{\376\377\000T\000h\000e\000\040\000M\000I\000T\000\040\000B\000e\000n\000c\000h\000m\000a\000r\000k}{}% 3
\BOOKMARK [2][-]{subsection.3.1}{\376\377\000S\000e\000q\000u\000e\000n\000c\000e\000\040\000D\000e\000s\000i\000g\000n}{section.3}% 4
\BOOKMARK [2][-]{subsection.3.2}{\376\377\000E\000v\000a\000l\000u\000a\000t\000i\000o\000n\000\040\000M\000e\000t\000r\000i\000c\000s}{section.3}% 5
\BOOKMARK [1][-]{section.4}{\376\377\000E\000x\000p\000e\000r\000i\000m\000e\000n\000t\000s}{}% 6
\BOOKMARK [2][-]{subsection.4.1}{\376\377\000M\000o\000d\000e\000l\000s\000\040\000E\000v\000a\000l\000u\000a\000t\000e\000d}{section.4}% 7
\BOOKMARK [2][-]{subsection.4.2}{\376\377\000P\000r\000i\000m\000a\000r\000y\000\040\000R\000e\000s\000u\000l\000t\000s}{section.4}% 8
\BOOKMARK [2][-]{subsection.4.3}{\376\377\000E\000x\000t\000e\000n\000d\000e\000d\000\040\000M\000e\000c\000h\000a\000n\000i\000s\000t\000i\000c\000\040\000P\000r\000o\000b\000i\000n\000g}{section.4}% 9
\BOOKMARK [3][-]{subsubsection.4.3.1}{\376\377\000A\000T\000\040\000C\000o\000n\000t\000e\000n\000t\000\040\000T\000i\000t\000r\000a\000t\000i\000o\000n}{subsection.4.3}% 10
\BOOKMARK [3][-]{subsubsection.4.3.2}{\376\377\000P\000o\000s\000i\000t\000i\000o\000n\000a\000l\000\040\000A\000b\000l\000a\000t\000i\000o\000n}{subsection.4.3}% 11
\BOOKMARK [3][-]{subsubsection.4.3.3}{\376\377\000S\000p\000a\000c\000i\000n\000g\000\040\000a\000n\000d\000\040\000S\000t\000r\000a\000n\000d\000\040\000S\000e\000n\000s\000i\000t\000i\000v\000i\000t\000y}{subsection.4.3}% 12
\BOOKMARK [2][-]{subsection.4.4}{\376\377\000B\000i\000o\000p\000h\000y\000s\000i\000c\000a\000l\000\040\000M\000o\000d\000e\000l\000\040\000C\000o\000m\000p\000a\000r\000i\000s\000o\000n}{section.4}% 13
\BOOKMARK [1][-]{section.5}{\376\377\000D\000i\000s\000c\000u\000s\000s\000i\000o\000n}{}% 14
\BOOKMARK [2][-]{subsection.5.1}{\376\377\000W\000h\000a\000t\000\040\000g\000L\000M\000s\000\040\000H\000a\000v\000e\000\040\000L\000e\000a\000r\000n\000e\000d}{section.5}% 15
\BOOKMARK [2][-]{subsection.5.2}{\376\377\000T\000o\000w\000a\000r\000d\000s\000\040\000D\000e\000e\000p\000e\000r\000\040\000M\000e\000c\000h\000a\000n\000i\000s\000t\000i\000c\000\040\000U\000n\000d\000e\000r\000s\000t\000a\000n\000d\000i\000n\000g}{section.5}% 16
\BOOKMARK [1][-]{section.6}{\376\377\000R\000e\000l\000a\000t\000e\000d\000\040\000W\000o\000r\000k}{}% 17
\BOOKMARK [1][-]{section.7}{\376\377\000C\000o\000n\000c\000l\000u\000s\000i\000o\000n}{}% 18
\BOOKMARK [1][-]{appendix.A}{\376\377\000E\000x\000t\000e\000n\000d\000e\000d\000\040\000I\000m\000p\000l\000e\000m\000e\000n\000t\000a\000t\000i\000o\000n\000\040\000D\000e\000t\000a\000i\000l\000s}{}% 19
\BOOKMARK [2][-]{subsection.A.1}{\376\377\000S\000e\000q\000u\000e\000n\000c\000e\000\040\000G\000e\000n\000e\000r\000a\000t\000i\000o\000n}{appendix.A}% 20
\BOOKMARK [2][-]{subsection.A.2}{\376\377\000M\000o\000d\000e\000l\000\040\000I\000n\000f\000e\000r\000e\000n\000c\000e\000\040\000D\000e\000t\000a\000i\000l\000s}{appendix.A}% 21
\BOOKMARK [2][-]{subsection.A.3}{\376\377\000B\000a\000s\000e\000l\000i\000n\000e\000\040\000M\000o\000d\000e\000l\000s}{appendix.A}% 22
\BOOKMARK [2][-]{subsection.A.4}{\376\377\000C\000o\000m\000p\000u\000t\000a\000t\000i\000o\000n\000a\000l\000\040\000E\000n\000v\000i\000r\000o\000n\000m\000e\000n\000t}{appendix.A}% 23
\BOOKMARK [2][-]{subsection.A.5}{\376\377\000S\000t\000a\000t\000i\000s\000t\000i\000c\000a\000l\000\040\000A\000n\000a\000l\000y\000s\000i\000s}{appendix.A}% 24
\BOOKMARK [1][-]{appendix.B}{\376\377\000C\000o\000m\000p\000l\000e\000t\000e\000\040\000E\000x\000p\000e\000r\000i\000m\000e\000n\000t\000a\000l\000\040\000R\000e\000s\000u\000l\000t\000s}{}% 25
\BOOKMARK [2][-]{subsection.B.1}{\376\377\000F\000u\000l\000l\000\040\000M\000o\000d\000e\000l\000\040\000C\000o\000m\000p\000a\000r\000i\000s\000o\000n}{appendix.B}% 26
\BOOKMARK [2][-]{subsection.B.2}{\376\377\000F\000u\000l\000l\000\040\000A\000T\000\040\000T\000i\000t\000r\000a\000t\000i\000o\000n\000\040\000R\000e\000s\000u\000l\000t\000s}{appendix.B}% 27
\BOOKMARK [2][-]{subsection.B.3}{\376\377\000F\000u\000l\000l\000\040\000P\000o\000s\000i\000t\000i\000o\000n\000a\000l\000\040\000S\000w\000e\000e\000p\000\040\000R\000e\000s\000u\000l\000t\000s}{appendix.B}% 28
\BOOKMARK [2][-]{subsection.B.4}{\376\377\000F\000u\000l\000l\000\040\000S\000p\000a\000c\000i\000n\000g\000\040\000S\000e\000n\000s\000i\000t\000i\000v\000i\000t\000y\000\040\000R\000e\000s\000u\000l\000t\000s}{appendix.B}% 29
\BOOKMARK [2][-]{subsection.B.5}{\376\377\000F\000u\000l\000l\000\040\000S\000t\000r\000a\000n\000d\000\040\000O\000r\000i\000e\000n\000t\000a\000t\000i\000o\000n\000\040\000R\000e\000s\000u\000l\000t\000s}{appendix.B}% 30
\BOOKMARK [1][-]{appendix.C}{\376\377\000B\000i\000o\000p\000h\000y\000s\000i\000c\000a\000l\000\040\000M\000o\000d\000e\000l\000\040\000D\000e\000t\000a\000i\000l\000s}{}% 31
\BOOKMARK [2][-]{subsection.C.1}{\376\377\000P\000o\000s\000i\000t\000i\000o\000n\000-\000A\000w\000a\000r\000e\000\040\000P\000W\000M\000\040\000\050\000P\000A\000-\000P\000W\000M\000\051}{appendix.C}% 32
\BOOKMARK [2][-]{subsection.C.2}{\376\377\000T\000h\000e\000r\000m\000o\000d\000y\000n\000a\000m\000i\000c\000\040\000M\000o\000d\000e\000l}{appendix.C}% 33
\BOOKMARK [2][-]{subsection.C.3}{\376\377\000P\000o\000s\000i\000t\000i\000o\000n\000-\000S\000c\000a\000n\000n\000i\000n\000g\000\040\000M\000o\000d\000e\000l}{appendix.C}% 34
\BOOKMARK [2][-]{subsection.C.4}{\376\377\000B\000i\000o\000p\000h\000y\000s\000i\000c\000a\000l\000\040\000M\000o\000d\000e\000l\000\040\000C\000o\000m\000p\000a\000r\000i\000s\000o\000n}{appendix.C}% 35
\BOOKMARK [1][-]{appendix.D}{\376\377\000E\000f\000f\000e\000c\000t\000\040\000S\000i\000z\000e\000\040\000A\000n\000a\000l\000y\000s\000i\000s}{}% 36
\BOOKMARK [1][-]{appendix.E}{\376\377\000P\000e\000r\000-\000C\000l\000a\000s\000s\000\040\000L\000o\000g\000-\000L\000i\000k\000e\000l\000i\000h\000o\000o\000d\000\040\000D\000i\000s\000t\000r\000i\000b\000u\000t\000i\000o\000n\000s}{}% 37
\BOOKMARK [1][-]{appendix.F}{\376\377\000L\000i\000m\000i\000t\000a\000t\000i\000o\000n\000s}{}% 38
\BOOKMARK [1][-]{appendix.G}{\376\377\000B\000r\000o\000a\000d\000e\000r\000\040\000I\000m\000p\000a\000c\000t\000s}{}% 39
\BOOKMARK [1][-]{appendix.H}{\376\377\000A\000d\000d\000i\000t\000i\000o\000n\000a\000l\000\040\000V\000i\000s\000u\000a\000l\000i\000z\000a\000t\000i\000o\000n\000s}{}% 40
\BOOKMARK [1][-]{appendix.I}{\376\377\000P\000e\000r\000-\000M\000o\000d\000e\000l\000\040\000D\000e\000t\000a\000i\000l\000e\000d\000\040\000A\000n\000a\000l\000y\000s\000i\000s}{}% 41
\BOOKMARK [2][-]{subsection.I.1}{\376\377\000H\000y\000e\000n\000a\000D\000N\000A\000\040\000A\000n\000a\000l\000y\000s\000i\000s}{appendix.I}% 42
\BOOKMARK [2][-]{subsection.I.2}{\376\377\000G\000R\000O\000V\000E\000R\000\040\000A\000n\000a\000l\000y\000s\000i\000s}{appendix.I}% 43
\BOOKMARK [2][-]{subsection.I.3}{\376\377\000E\000v\000o\0002\000-\0001\000B\000\040\000A\000n\000a\000l\000y\000s\000i\000s}{appendix.I}% 44
\BOOKMARK [2][-]{subsection.I.4}{\376\377\000C\000a\000d\000u\000c\000e\000u\000s\000\040\000A\000n\000a\000l\000y\000s\000i\000s}{appendix.I}% 45
\BOOKMARK [2][-]{subsection.I.5}{\376\377\000N\000T\000-\0005\0000\0000\000M\000\040\000A\000n\000a\000l\000y\000s\000i\000s}{appendix.I}% 46
\BOOKMARK [2][-]{subsection.I.6}{\376\377\000B\000a\000s\000e\000l\000i\000n\000e\000\040\000M\000o\000d\000e\000l\000\040\000A\000n\000a\000l\000y\000s\000i\000s}{appendix.I}% 47
\BOOKMARK [1][-]{appendix.J}{\376\377\000E\000x\000t\000e\000n\000d\000e\000d\000\040\000A\000b\000l\000a\000t\000i\000o\000n\000\040\000S\000t\000u\000d\000i\000e\000s}{}% 48
\BOOKMARK [2][-]{subsection.J.1}{\376\377\000S\000e\000q\000u\000e\000n\000c\000e\000\040\000L\000e\000n\000g\000t\000h\000\040\000S\000e\000n\000s\000i\000t\000i\000v\000i\000t\000y}{appendix.J}% 49
\BOOKMARK [2][-]{subsection.J.2}{\376\377\000B\000a\000c\000k\000g\000r\000o\000u\000n\000d\000\040\000C\000o\000m\000p\000o\000s\000i\000t\000i\000o\000n\000\040\000S\000e\000n\000s\000i\000t\000i\000v\000i\000t\000y}{appendix.J}% 50
\BOOKMARK [2][-]{subsection.J.3}{\376\377\000M\000o\000t\000i\000f\000\040\000S\000t\000r\000e\000n\000g\000t\000h\000\040\000V\000a\000r\000i\000a\000t\000i\000o\000n\000s}{appendix.J}% 51
\BOOKMARK [2][-]{subsection.J.4}{\376\377\000U\000P\000\040\000E\000l\000e\000m\000e\000n\000t\000\040\000C\000o\000m\000p\000o\000s\000i\000t\000i\000o\000n\000\040\000V\000a\000r\000i\000a\000t\000i\000o\000n\000s}{appendix.J}% 52
\BOOKMARK [1][-]{appendix.K}{\376\377\000T\000h\000e\000o\000r\000e\000t\000i\000c\000a\000l\000\040\000A\000n\000a\000l\000y\000s\000i\000s}{}% 53
\BOOKMARK [2][-]{subsection.K.1}{\376\377\000W\000h\000y\000\040\000C\000o\000m\000p\000o\000s\000i\000t\000i\000o\000n\000a\000l\000\040\000L\000e\000a\000r\000n\000i\000n\000g\000\040\000i\000s\000\040\000E\000a\000s\000i\000e\000r}{appendix.K}% 54
\BOOKMARK [2][-]{subsection.K.2}{\376\377\000I\000n\000f\000o\000r\000m\000a\000t\000i\000o\000n\000-\000T\000h\000e\000o\000r\000e\000t\000i\000c\000\040\000P\000e\000r\000s\000p\000e\000c\000t\000i\000v\000e}{appendix.K}% 55
\BOOKMARK [1][-]{appendix.L}{\376\377\000E\000x\000t\000e\000n\000d\000e\000d\000\040\000R\000e\000l\000a\000t\000e\000d\000\040\000W\000o\000r\000k}{}% 56
\BOOKMARK [2][-]{subsection.L.1}{\376\377\000G\000e\000n\000o\000m\000i\000c\000\040\000L\000a\000n\000g\000u\000a\000g\000e\000\040\000M\000o\000d\000e\000l\000s}{appendix.L}% 57
\BOOKMARK [2][-]{subsection.L.2}{\376\377\000M\000e\000c\000h\000a\000n\000i\000s\000t\000i\000c\000\040\000I\000n\000t\000e\000r\000p\000r\000e\000t\000a\000b\000i\000l\000i\000t\000y\000\040\000i\000n\000\040\000N\000L\000P}{appendix.L}% 58
\BOOKMARK [2][-]{subsection.L.3}{\376\377\000B\000i\000o\000p\000h\000y\000s\000i\000c\000a\000l\000\040\000M\000o\000d\000e\000l\000s\000\040\000o\000f\000\040\000T\000r\000a\000n\000s\000c\000r\000i\000p\000t\000i\000o\000n}{appendix.L}% 59
\BOOKMARK [1][-]{appendix.M}{\376\377\000E\000x\000a\000m\000p\000l\000e\000\040\000S\000e\000q\000u\000e\000n\000c\000e\000s}{}% 60
\BOOKMARK [2][-]{subsection.M.1}{\376\377\000C\000l\000a\000s\000s\000\040\000C\000:\000\040\000S\000y\000n\000t\000h\000e\000t\000i\000c\000\040\000I\000n\000t\000a\000c\000t}{appendix.M}% 61
\BOOKMARK [2][-]{subsection.M.2}{\376\377\000C\000l\000a\000s\000s\000\040\000D\000:\000\040\000S\000y\000n\000t\000h\000e\000t\000i\000c\000\040\000B\000r\000o\000k\000e\000n}{appendix.M}% 62
\BOOKMARK [2][-]{subsection.M.3}{\376\377\000C\000l\000a\000s\000s\000\040\000E\000:\000\040\000S\000y\000n\000t\000h\000e\000t\000i\000c\000\040\000C\000o\000m\000p\000e\000n\000s\000a\000t\000e\000d}{appendix.M}% 63
\BOOKMARK [2][-]{subsection.M.4}{\376\377\000C\000l\000a\000s\000s\000\040\000H\000:\000\040\000S\000c\000r\000a\000m\000b\000l\000e\000d\000\040\000C\000o\000n\000t\000r\000o\000l}{appendix.M}% 64
\BOOKMARK [1][-]{appendix.N}{\376\377\000F\000u\000t\000u\000r\000e\000\040\000D\000i\000r\000e\000c\000t\000i\000o\000n\000s}{}% 65
\BOOKMARK [2][-]{subsection.N.1}{\376\377\000A\000r\000c\000h\000i\000t\000e\000c\000t\000u\000r\000a\000l\000\040\000I\000n\000n\000o\000v\000a\000t\000i\000o\000n\000s}{appendix.N}% 66
\BOOKMARK [2][-]{subsection.N.2}{\376\377\000T\000r\000a\000i\000n\000i\000n\000g\000\040\000O\000b\000j\000e\000c\000t\000i\000v\000e\000s}{appendix.N}% 67
\BOOKMARK [2][-]{subsection.N.3}{\376\377\000E\000v\000a\000l\000u\000a\000t\000i\000o\000n\000\040\000E\000x\000t\000e\000n\000s\000i\000o\000n\000s}{appendix.N}% 68
